<?xml version="1.0" encoding="UTF-8"?>
<testsuite xmlns:xsi="http://www.w3.org/2001/XMLSchema-instance" xsi:noNamespaceSchemaLocation="https://maven.apache.org/surefire/maven-surefire-plugin/xsd/surefire-test-report.xsd" version="3.0.2" name="movieapp.backend.BackendApplicationTests" time="4.796" tests="1" errors="0" skipped="0" failures="0">
  <properties>
[...]
</properties>
  <testcase name="contextLoads" classname="movieapp.backend.BackendApplicationTests" time="1.245">
    <system-out><![CDATA[10:15:54.363 [main] INFO org.springframework.test.context.support.AnnotationConfigContextLoaderUtils -- Could not detect default configuration classes for test class [movieapp.backend.BackendApplicationTests]: BackendApplicationTests does not declare any static, non-private, non-final, nested classes annotated with @Configuration.
10:15:54.576 [main] INFO org.springframework.boot.test.context.SpringBootTestContextBootstrapper -- Found @SpringBootConfiguration movieapp.backend.BackendApplication for test class movieapp.backend.BackendApplicationTests
2025-10-06T10:15:55.428-04:00  INFO 11620 --- [backend] [           main] m.backend.BackendApplicationTests        : Starting BackendApplicationTests using Java 17.0.16 with PID 11620 (started by 17327 in C:\Users\17327\OneDrive\Desktop\movies-web-app\backend)
2025-10-06T10:15:55.430-04:00  INFO 11620 --- [backend] [           main] m.backend.BackendApplicationTests        : No active profile set, falling back to 1 default profile: "default"
2025-10-06T10:15:57.635-04:00  INFO 11620 --- [backend] [           main] m.backend.BackendApplicationTests        : Started BackendApplicationTests in 2.76 seconds (process running for 4.425)
]]></system-out>
  </testcase>
</testsuite>